<?xml version="1.0" encoding="UTF-8"?>
<!-- Generated by org.testng.reporters.JUnitReportReporter -->
<testsuite hostname="DESKTOP-7KGOR9A" failures="0" tests="1" name="pom.testcases.TC002" time="21.534" errors="0" timestamp="22 Feb 2021 07:29:41 GMT" skipped="0">
  <testcase classname="pom.testcases.TC002" name="levrxPage1" time="21.534"/>
</testsuite> <!-- pom.testcases.TC002 -->
