<?xml version="1.0" encoding="UTF-8"?>
<!-- Generated by org.testng.reporters.JUnitReportReporter -->
<testsuite hostname="DESKTOP-7KGOR9A" failures="0" tests="1" name="pom.testcases.TC002_LoginWithInvalidCredentials" time="14.559" errors="0" timestamp="12 Feb 2021 10:40:59 GMT" skipped="0">
  <testcase classname="pom.testcases.TC002_LoginWithInvalidCredentials" name="levrxPage1" time="14.559"/>
</testsuite> <!-- pom.testcases.TC002_LoginWithInvalidCredentials -->
