<?xml version="1.0" encoding="UTF-8"?>
<!-- Generated by org.testng.reporters.JUnitReportReporter -->
<testsuite hostname="DESKTOP-7KGOR9A" failures="0" tests="1" name="pom.testcases.TC002" time="14.678" errors="0" timestamp="2021-02-22T11:01:58 IST" skipped="0">
  <testcase classname="pom.testcases.TC002" name="levrxPage1" time="14.678"/>
  <system-out/>
</testsuite> <!-- pom.testcases.TC002 -->
